<?xml version="1.0" encoding="UTF-8"?>
<testsuite name="Automation" tests="1" skipped="0" failures="0" errors="0" timestamp="2021-06-26T17:46:16" hostname="DESKTOP-URHJBCP" time="22.709">
  <properties/>
  <testcase name="Abrirpagina" classname="Automation" time="22.709"/>
  <system-out><![CDATA[]]></system-out>
  <system-err><![CDATA[Starting ChromeDriver 90.0.4430.24 (4c6d850f087da467d926e8eddb76550aed655991-refs/branch-heads/4430@{#429}) on port 15715
Only local connections are allowed.
Please see https://chromedriver.chromium.org/security-considerations for suggestions on keeping ChromeDriver safe.
ChromeDriver was started successfully.
[1624729579.964][WARNING]: This version of ChromeDriver has not been tested with Chrome version 91.
jun 26, 2021 12:46:20 PM org.openqa.selenium.remote.ProtocolHandshake createSession
INFORMACIÓN: Detected dialect: W3C
]]></system-err>
</testsuite>
